Using these options:
  Number of k-means iterations:       100
  Low-dimensional projection:         15
  Number of k-means clusters:         26
  Early threshold:                    0
  Random seed for k-means init:       2
  Type of k-means initialization:     2
  Random seed for projection:         1
  File to load projected data:        ../output//dnapenny.projData
  File to save labels:                ../output//dnapenny.labels
  File to save weights:               ../output//dnapenny.weights
  File to save simpoints:             ../output//dnapenny.simpoints
  Input data files to process:

Loaded data from projected data file '../output//dnapenny.projData' (size: 1057x15)
  Initialized k-means centers using furthest-first: 26 centers
iteration 0
count: 596	7	1	18	11	1	4	136	28	8	3	3	2	1	10	13	9	11	4	4	102	5	6	11	54	9	
iteration 1
count: 589	7	1	18	11	1	4	144	24	7	3	3	2	1	7	13	13	11	6	4	94	5	9	9	61	10	
iteration 2
count: 587	7	1	18	11	1	4	145	22	7	3	3	2	1	7	13	15	11	6	4	93	5	9	9	63	10	
iteration 3
count: 586	7	1	18	11	1	4	145	22	7	3	3	2	1	7	13	15	11	6	4	93	5	9	9	64	10	
iteration 4
count: 586	7	1	18	11	1	4	145	22	7	3	3	2	1	7	13	15	11	6	4	93	5	9	9	64	10	
  BIC score: 89440.2
  Distortion: 0.00712021
  Distortions/cluster: 0.000882938 4.20276e-05 0 1.36206e-06 0.000452279 0 0.00018253 0.000261862 0.000748918 0.000234175 0.000144947 0.000104394 2.85768e-05 0 0.000221939 0.000891037 0.00107968 1.29796e-05 7.26089e-05 0.000138216 0.000300187 0.000114236 0.000225388 0.000149362 0.000737641 9.2922e-05 
  Variance: 6.90612e-06
  Variances/cluster: 1.5093e-06 7.00459e-06 0 8.01211e-08 4.52279e-05 0 6.08435e-05 1.81849e-06 3.56628e-05 3.90292e-05 7.24733e-05 5.21972e-05 2.85768e-05 0 3.69898e-05 7.42531e-05 7.712e-05 1.29796e-06 1.45218e-05 4.60721e-05 3.2629e-06 2.8559e-05 2.81735e-05 1.86703e-05 1.17086e-05 1.03247e-05 
  Saving simpoints to file '../output//dnapenny.simpoints'
  Saving labels and distance from center of each input point to file '../output//dnapenny.labels'
  Saving weights of each cluster to file '../output//dnapenny.weights'
