Using these options:
  Number of k-means iterations:       100
  Low-dimensional projection:         15
  Number of k-means clusters:         24
  Early threshold:                    0
  Random seed for k-means init:       2
  Type of k-means initialization:     2
  Random seed for projection:         1
  File to load projected data:        ../output//fasta.projData
  File to save labels:                ../output//fasta.labels
  File to save weights:               ../output//fasta.weights
  File to save simpoints:             ../output//fasta.simpoints
  Input data files to process:

Loaded data from projected data file '../output//fasta.projData' (size: 1061x15)
  Initialized k-means centers using furthest-first: 24 centers
iteration 0
count: 326	1	5	2	6	11	63	3	13	30	47	1	10	120	192	78	12	4	3	22	25	19	8	60	
iteration 1
count: 224	1	5	4	8	15	75	6	21	46	58	1	25	114	154	67	11	6	4	28	57	21	8	102	
iteration 2
count: 173	1	5	5	9	19	73	10	28	54	64	1	37	108	135	56	10	7	6	29	74	30	10	117	
iteration 3
count: 148	1	5	5	10	21	65	14	32	62	66	1	44	93	123	53	10	8	10	33	80	42	12	123	
iteration 4
count: 129	1	5	7	11	26	59	17	31	63	66	1	50	80	119	55	11	8	11	41	85	47	13	125	
iteration 5
count: 122	1	5	9	11	27	56	20	30	63	67	1	51	80	112	60	12	8	11	46	85	49	14	121	
iteration 6
count: 121	1	5	9	11	30	56	22	30	63	66	1	51	77	108	63	14	8	11	48	85	50	16	115	
iteration 7
count: 117	1	5	9	11	31	55	24	31	63	65	1	54	74	107	64	13	9	11	49	84	50	18	115	
iteration 8
count: 114	1	5	9	11	33	54	24	32	63	64	1	54	71	106	65	13	9	11	51	85	50	19	116	
iteration 9
count: 111	1	5	9	11	34	53	25	31	63	65	1	54	71	106	69	14	9	11	50	83	50	19	116	
iteration 10
count: 113	1	5	9	11	34	52	26	30	63	64	1	55	72	103	74	16	9	11	50	79	50	18	115	
iteration 11
count: 111	1	5	9	12	34	51	27	31	63	65	1	55	72	103	73	16	9	11	50	80	50	17	115	
iteration 12
count: 110	1	5	9	13	34	50	27	31	63	65	1	55	72	102	75	16	9	11	50	80	51	16	115	
iteration 13
count: 108	1	5	9	11	34	49	27	31	63	65	1	58	72	100	77	17	9	11	50	79	52	17	115	
iteration 14
count: 107	1	5	9	11	34	48	26	32	63	62	1	59	73	98	77	18	9	11	50	78	52	20	117	
iteration 15
count: 104	1	5	9	11	34	48	27	33	63	62	1	60	73	97	77	18	9	11	50	79	52	20	117	
iteration 16
count: 102	1	5	9	10	34	48	28	33	63	60	1	62	73	94	77	18	9	11	50	81	52	24	116	
iteration 17
count: 99	1	5	9	11	34	48	28	34	63	61	1	64	73	92	78	18	9	11	50	80	52	26	114	
iteration 18
count: 97	1	5	9	12	34	48	28	34	62	62	1	65	73	92	78	18	9	11	50	80	51	28	113	
iteration 19
count: 97	1	5	9	12	34	48	28	34	62	58	1	65	72	91	78	18	9	11	50	80	51	35	112	
iteration 20
count: 96	1	5	9	12	34	47	28	35	62	59	1	67	72	92	78	18	9	11	50	79	51	36	109	
iteration 21
count: 92	1	5	9	12	34	47	28	35	62	59	1	69	72	92	80	18	9	11	51	78	51	38	107	
iteration 22
count: 85	1	5	9	12	34	47	28	35	62	58	1	75	72	92	80	18	9	11	52	78	51	39	107	
iteration 23
count: 82	1	5	9	13	34	47	28	35	62	58	1	77	72	92	80	18	9	11	54	78	51	39	105	
iteration 24
count: 83	1	5	9	14	34	47	28	35	62	58	1	77	73	92	80	18	9	11	54	78	51	39	102	
iteration 25
count: 86	1	5	9	14	34	47	28	35	62	57	1	77	74	92	80	18	9	11	54	78	51	40	98	
iteration 26
count: 87	1	5	9	14	34	47	28	35	62	57	1	77	74	92	80	18	9	11	54	79	51	40	96	
iteration 27
count: 88	1	5	9	14	34	47	28	35	62	57	1	77	74	92	79	18	9	11	54	81	51	40	94	
iteration 28
count: 89	1	5	9	14	34	47	28	35	62	57	1	77	75	91	77	18	9	11	55	82	51	40	93	
iteration 29
count: 89	1	5	9	14	34	48	28	35	62	57	1	78	74	90	77	18	9	11	55	83	51	40	92	
iteration 30
count: 92	1	5	9	14	34	48	28	35	62	57	1	77	74	90	77	18	9	11	56	84	51	40	88	
iteration 31
count: 92	1	5	9	14	34	48	28	35	62	57	1	78	75	90	77	18	9	11	56	85	51	40	85	
iteration 32
count: 93	1	5	9	14	34	48	28	35	62	57	1	78	75	90	77	18	9	11	56	85	51	40	84	
iteration 33
count: 94	1	5	9	14	34	48	28	35	62	57	1	78	75	89	77	18	9	11	56	85	51	40	84	
iteration 34
count: 94	1	5	9	14	34	48	28	35	62	57	1	78	75	89	77	18	9	11	56	85	51	40	84	
  BIC score: 69237.3
  Distortion: 0.0822056
  Distortions/cluster: 0.00381686 0 0.000375389 0.00114754 0.00203378 0.00332806 0.00345634 0.00405909 0.00336402 0.00489437 0.00420272 0 0.00464273 0.00580133 0.00572927 0.00480292 0.00326002 0.00119557 0.00197205 0.00558208 0.00410593 0.00473876 0.00413605 0.00556072 
  Variance: 7.92725e-05
  Variances/cluster: 4.10415e-05 0 9.38472e-05 0.000143442 0.000156444 0.00010085 7.35392e-05 0.000150337 9.89417e-05 8.02356e-05 7.50486e-05 0 6.02951e-05 7.83963e-05 6.51053e-05 6.31963e-05 0.000191766 0.000149446 0.000197205 0.000101492 4.88801e-05 9.47751e-05 0.000106053 6.69966e-05 
  Saving simpoints to file '../output//fasta.simpoints'
  Saving labels and distance from center of each input point to file '../output//fasta.labels'
  Saving weights of each cluster to file '../output//fasta.weights'
